#
# There is insufficient memory for the Java Runtime Environment to continue.
# Native memory allocation (malloc) failed to allocate 968976 bytes. Error detail: Chunk::new
# Possible reasons:
#   The system is out of physical RAM or swap space
#   This process is running with CompressedOops enabled, and the Java Heap may be blocking the growth of the native heap
# Possible solutions:
#   Reduce memory load on the system
#   Increase physical memory or swap space
#   Check if swap backing store is full
#   Decrease Java heap size (-Xmx/-Xms)
#   Decrease number of Java threads
#   Decrease Java thread stack sizes (-Xss)
#   Set larger code cache with -XX:ReservedCodeCacheSize=
#   JVM is running with Zero Based Compressed Oops mode in which the Java heap is
#     placed in the first 32GB address space. The Java Heap base address is the
#     maximum limit for the native heap growth. Please use -XX:HeapBaseMinAddress
#     to set the Java Heap base and to place the Java Heap above 32GB virtual address.
# This output file may be truncated or incomplete.
#
#  Out of Memory Error (arena.cpp:168), pid=33776, tid=24580
#
# JRE version: OpenJDK Runtime Environment JBR-21.0.5+8-631.16-jcef (21.0.5+8) (build 21.0.5+8-b631.16)
# Java VM: OpenJDK 64-Bit Server VM JBR-21.0.5+8-631.16-jcef (21.0.5+8-b631.16, mixed mode, sharing, tiered, compressed oops, compressed class ptrs, g1 gc, windows-amd64)
# No core dump will be written. Minidumps are not enabled by default on client versions of Windows
#

---------------  S U M M A R Y ------------

Command Line: git4idea.http.GitAskPassApp Username for 'https://github.com': 

Host: Intel(R) Core(TM) i7-8750H CPU @ 2.20GHz, 12 cores, 15G,  Windows 11 , 64 bit Build 22621 (10.0.22621.4391)
Time: Wed Jan 15 17:45:42 2025  Windows 11 , 64 bit Build 22621 (10.0.22621.4391) elapsed time: 0.845184 seconds (0d 0h 0m 0s)

---------------  T H R E A D  ---------------

Current thread (0x00000284f8216d30):  JavaThread "C2 CompilerThread2" daemon [_thread_in_native, id=24580, stack(0x000000ba88b00000,0x000000ba88c00000) (1024K)]


Current CompileTask:
C2:845 1081       4       sun.security.ec.ECOperations::setDouble (463 bytes)

Stack: [0x000000ba88b00000,0x000000ba88c00000]
Native frames: (J=compiled Java code, j=interpreted, Vv=VM code, C=native code)
V  [jvm.dll+0x6e52b9]
V  [jvm.dll+0x8c3633]
V  [jvm.dll+0x8c5b8e]
V  [jvm.dll+0x8c6273]
V  [jvm.dll+0x288f46]
V  [jvm.dll+0xc66dd]
V  [jvm.dll+0xc6c13]
V  [jvm.dll+0x3c4531]
V  [jvm.dll+0x1e61e4]
V  [jvm.dll+0x2508f4]
V  [jvm.dll+0x24fd71]
V  [jvm.dll+0x1cd6a4]
V  [jvm.dll+0x25f5dc]
V  [jvm.dll+0x25db26]
V  [jvm.dll+0x3ff5e6]
V  [jvm.dll+0x86b248]
V  [jvm.dll+0x6e3abd]
C  [ucrtbase.dll+0x29333]
C  [KERNEL32.DLL+0x1259d]
C  [ntdll.dll+0x5af38]


---------------  P R O C E S S  ---------------

Threads class SMR info:
_java_thread_list=0x00000284f810f3f0, length=16, elements={
0x0000028495373a40, 0x00000284b251bce0, 0x00000284b251c930, 0x00000284b2520370,
0x00000284b25217c0, 0x00000284b25225a0, 0x00000284b2523af0, 0x00000284b2527560,
0x00000284b252d630, 0x00000284b2842c70, 0x00000284b28474b0, 0x00000284f804c650,
0x00000284f8160f00, 0x00000284f81349c0, 0x00000284f8216690, 0x00000284f8216d30
}

Java Threads: ( => current thread )
  0x0000028495373a40 JavaThread "main"                              [_thread_blocked, id=11628, stack(0x000000ba87400000,0x000000ba87500000) (1024K)]
  0x00000284b251bce0 JavaThread "Reference Handler"          daemon [_thread_blocked, id=4676, stack(0x000000ba87c00000,0x000000ba87d00000) (1024K)]
  0x00000284b251c930 JavaThread "Finalizer"                  daemon [_thread_blocked, id=36320, stack(0x000000ba87d00000,0x000000ba87e00000) (1024K)]
  0x00000284b2520370 JavaThread "Signal Dispatcher"          daemon [_thread_blocked, id=14712, stack(0x000000ba87e00000,0x000000ba87f00000) (1024K)]
  0x00000284b25217c0 JavaThread "Attach Listener"            daemon [_thread_blocked, id=30700, stack(0x000000ba87f00000,0x000000ba88000000) (1024K)]
  0x00000284b25225a0 JavaThread "Service Thread"             daemon [_thread_blocked, id=29540, stack(0x000000ba88000000,0x000000ba88100000) (1024K)]
  0x00000284b2523af0 JavaThread "Monitor Deflation Thread"   daemon [_thread_blocked, id=32428, stack(0x000000ba88100000,0x000000ba88200000) (1024K)]
  0x00000284b2527560 JavaThread "C2 CompilerThread0"         daemon [_thread_blocked, id=31840, stack(0x000000ba88200000,0x000000ba88300000) (1024K)]
  0x00000284b252d630 JavaThread "C1 CompilerThread0"         daemon [_thread_blocked, id=11524, stack(0x000000ba88300000,0x000000ba88400000) (1024K)]
  0x00000284b2842c70 JavaThread "Notification Thread"        daemon [_thread_blocked, id=35600, stack(0x000000ba88400000,0x000000ba88500000) (1024K)]
  0x00000284b28474b0 JavaThread "Common-Cleaner"             daemon [_thread_blocked, id=25268, stack(0x000000ba88500000,0x000000ba88600000) (1024K)]
  0x00000284f804c650 JavaThread "HttpClient-1-SelectorManager" daemon [_thread_in_native, id=31752, stack(0x000000ba88600000,0x000000ba88700000) (1024K)]
  0x00000284f8160f00 JavaThread "HttpClient-1-Worker-0"      daemon [_thread_blocked, id=4580, stack(0x000000ba88800000,0x000000ba88900000) (1024K)]
  0x00000284f81349c0 JavaThread "HttpClient-1-Worker-1"      daemon [_thread_blocked, id=35624, stack(0x000000ba88900000,0x000000ba88a00000) (1024K)]
  0x00000284f8216690 JavaThread "C2 CompilerThread1"         daemon [_thread_blocked, id=33388, stack(0x000000ba88a00000,0x000000ba88b00000) (1024K)]
=>0x00000284f8216d30 JavaThread "C2 CompilerThread2"         daemon [_thread_in_native, id=24580, stack(0x000000ba88b00000,0x000000ba88c00000) (1024K)]
Total: 16

Other Threads:
  0x00000284b24fe660 VMThread "VM Thread"                           [id=18608, stack(0x000000ba87b00000,0x000000ba87c00000) (1024K)]
  0x00000284b24e9940 WatcherThread "VM Periodic Task Thread"        [id=34484, stack(0x000000ba87a00000,0x000000ba87b00000) (1024K)]
  0x0000028495552d50 WorkerThread "GC Thread#0"                     [id=25212, stack(0x000000ba87500000,0x000000ba87600000) (1024K)]
  0x0000028495563a00 ConcurrentGCThread "G1 Main Marker"            [id=33136, stack(0x000000ba87600000,0x000000ba87700000) (1024K)]
  0x00000284955646b0 WorkerThread "G1 Conc#0"                       [id=27232, stack(0x000000ba87700000,0x000000ba87800000) (1024K)]
  0x00000284b23b99d0 ConcurrentGCThread "G1 Refine#0"               [id=21068, stack(0x000000ba87800000,0x000000ba87900000) (1024K)]
  0x00000284b23ba350 ConcurrentGCThread "G1 Service"                [id=8588, stack(0x000000ba87900000,0x000000ba87a00000) (1024K)]
Total: 7

Threads with active compile tasks:
C2 CompilerThread2  907 1081       4       sun.security.ec.ECOperations::setDouble (463 bytes)
Total: 1

VM state: not at safepoint (normal execution)

VM Mutex/Monitor currently owned by a thread: None

Heap address: 0x0000000703200000, size: 4046 MB, Compressed Oops mode: Zero based, Oop shift amount: 3

CDS archive(s) mapped at: [0x00000284b3000000-0x00000284b3d00000-0x00000284b3d00000), size 13631488, SharedBaseAddress: 0x00000284b3000000, ArchiveRelocationMode: 1.
Compressed class space mapped at: 0x00000284b4000000-0x00000284f4000000, reserved size: 1073741824
Narrow klass base: 0x00000284b3000000, Narrow klass shift: 0, Narrow klass range: 0x100000000

GC Precious Log:
 CardTable entry size: 512
 Card Set container configuration: InlinePtr #cards 4 size 8 Array Of Cards #cards 16 size 48 Howl #buckets 8 coarsen threshold 3686 Howl Bitmap #cards 512 size 80 coarsen threshold 460 Card regions per heap region 1 cards per card region 4096
 CPUs: 12 total, 12 available
 Memory: 16178M
 Large Page Support: Disabled
 NUMA Support: Disabled
 Compressed Oops: Enabled (Zero based)
 Heap Region Size: 2M
 Heap Min Capacity: 8M
 Heap Initial Capacity: 254M
 Heap Max Capacity: 4046M
 Pre-touch: Disabled
 Parallel Workers: 10
 Concurrent Workers: 3
 Concurrent Refinement Workers: 10
 Periodic GC: Disabled

Heap:
 garbage-first heap   total 260096K, used 16384K [0x0000000703200000, 0x0000000800000000)
  region size 2048K, 9 young (18432K), 0 survivors (0K)
 Metaspace       used 9212K, committed 9408K, reserved 1114112K
  class space    used 1064K, committed 1152K, reserved 1048576K

Heap Regions: E=young(eden), S=young(survivor), O=old, HS=humongous(starts), HC=humongous(continues), CS=collection set, F=free, TAMS=top-at-mark-start, PB=parsable bottom
|   0|0x0000000703200000, 0x0000000703200000, 0x0000000703400000|  0%| F|  |TAMS 0x0000000703200000| PB 0x0000000703200000| Untracked 
|   1|0x0000000703400000, 0x0000000703400000, 0x0000000703600000|  0%| F|  |TAMS 0x0000000703400000| PB 0x0000000703400000| Untracked 
|   2|0x0000000703600000, 0x0000000703600000, 0x0000000703800000|  0%| F|  |TAMS 0x0000000703600000| PB 0x0000000703600000| Untracked 
|   3|0x0000000703800000, 0x0000000703800000, 0x0000000703a00000|  0%| F|  |TAMS 0x0000000703800000| PB 0x0000000703800000| Untracked 
|   4|0x0000000703a00000, 0x0000000703a00000, 0x0000000703c00000|  0%| F|  |TAMS 0x0000000703a00000| PB 0x0000000703a00000| Untracked 
|   5|0x0000000703c00000, 0x0000000703c00000, 0x0000000703e00000|  0%| F|  |TAMS 0x0000000703c00000| PB 0x0000000703c00000| Untracked 
|   6|0x0000000703e00000, 0x0000000703e00000, 0x0000000704000000|  0%| F|  |TAMS 0x0000000703e00000| PB 0x0000000703e00000| Untracked 
|   7|0x0000000704000000, 0x0000000704000000, 0x0000000704200000|  0%| F|  |TAMS 0x0000000704000000| PB 0x0000000704000000| Untracked 
|   8|0x0000000704200000, 0x0000000704200000, 0x0000000704400000|  0%| F|  |TAMS 0x0000000704200000| PB 0x0000000704200000| Untracked 
|   9|0x0000000704400000, 0x0000000704400000, 0x0000000704600000|  0%| F|  |TAMS 0x0000000704400000| PB 0x0000000704400000| Untracked 
|  10|0x0000000704600000, 0x0000000704600000, 0x0000000704800000|  0%| F|  |TAMS 0x0000000704600000| PB 0x0000000704600000| Untracked 
|  11|0x0000000704800000, 0x0000000704800000, 0x0000000704a00000|  0%| F|  |TAMS 0x0000000704800000| PB 0x0000000704800000| Untracked 
|  12|0x0000000704a00000, 0x0000000704a00000, 0x0000000704c00000|  0%| F|  |TAMS 0x0000000704a00000| PB 0x0000000704a00000| Untracked 
|  13|0x0000000704c00000, 0x0000000704c00000, 0x0000000704e00000|  0%| F|  |TAMS 0x0000000704c00000| PB 0x0000000704c00000| Untracked 
|  14|0x0000000704e00000, 0x0000000704e00000, 0x0000000705000000|  0%| F|  |TAMS 0x0000000704e00000| PB 0x0000000704e00000| Untracked 
|  15|0x0000000705000000, 0x0000000705000000, 0x0000000705200000|  0%| F|  |TAMS 0x0000000705000000| PB 0x0000000705000000| Untracked 
|  16|0x0000000705200000, 0x0000000705200000, 0x0000000705400000|  0%| F|  |TAMS 0x0000000705200000| PB 0x0000000705200000| Untracked 
|  17|0x0000000705400000, 0x0000000705400000, 0x0000000705600000|  0%| F|  |TAMS 0x0000000705400000| PB 0x0000000705400000| Untracked 
|  18|0x0000000705600000, 0x0000000705600000, 0x0000000705800000|  0%| F|  |TAMS 0x0000000705600000| PB 0x0000000705600000| Untracked 
|  19|0x0000000705800000, 0x0000000705800000, 0x0000000705a00000|  0%| F|  |TAMS 0x0000000705800000| PB 0x0000000705800000| Untracked 
|  20|0x0000000705a00000, 0x0000000705a00000, 0x0000000705c00000|  0%| F|  |TAMS 0x0000000705a00000| PB 0x0000000705a00000| Untracked 
|  21|0x0000000705c00000, 0x0000000705c00000, 0x0000000705e00000|  0%| F|  |TAMS 0x0000000705c00000| PB 0x0000000705c00000| Untracked 
|  22|0x0000000705e00000, 0x0000000705e00000, 0x0000000706000000|  0%| F|  |TAMS 0x0000000705e00000| PB 0x0000000705e00000| Untracked 
|  23|0x0000000706000000, 0x0000000706000000, 0x0000000706200000|  0%| F|  |TAMS 0x0000000706000000| PB 0x0000000706000000| Untracked 
|  24|0x0000000706200000, 0x0000000706200000, 0x0000000706400000|  0%| F|  |TAMS 0x0000000706200000| PB 0x0000000706200000| Untracked 
|  25|0x0000000706400000, 0x0000000706400000, 0x0000000706600000|  0%| F|  |TAMS 0x0000000706400000| PB 0x0000000706400000| Untracked 
|  26|0x0000000706600000, 0x0000000706600000, 0x0000000706800000|  0%| F|  |TAMS 0x0000000706600000| PB 0x0000000706600000| Untracked 
|  27|0x0000000706800000, 0x0000000706800000, 0x0000000706a00000|  0%| F|  |TAMS 0x0000000706800000| PB 0x0000000706800000| Untracked 
|  28|0x0000000706a00000, 0x0000000706a00000, 0x0000000706c00000|  0%| F|  |TAMS 0x0000000706a00000| PB 0x0000000706a00000| Untracked 
|  29|0x0000000706c00000, 0x0000000706c00000, 0x0000000706e00000|  0%| F|  |TAMS 0x0000000706c00000| PB 0x0000000706c00000| Untracked 
|  30|0x0000000706e00000, 0x0000000706e00000, 0x0000000707000000|  0%| F|  |TAMS 0x0000000706e00000| PB 0x0000000706e00000| Untracked 
|  31|0x0000000707000000, 0x0000000707000000, 0x0000000707200000|  0%| F|  |TAMS 0x0000000707000000| PB 0x0000000707000000| Untracked 
|  32|0x0000000707200000, 0x0000000707200000, 0x0000000707400000|  0%| F|  |TAMS 0x0000000707200000| PB 0x0000000707200000| Untracked 
|  33|0x0000000707400000, 0x0000000707400000, 0x0000000707600000|  0%| F|  |TAMS 0x0000000707400000| PB 0x0000000707400000| Untracked 
|  34|0x0000000707600000, 0x0000000707600000, 0x0000000707800000|  0%| F|  |TAMS 0x0000000707600000| PB 0x0000000707600000| Untracked 
|  35|0x0000000707800000, 0x0000000707800000, 0x0000000707a00000|  0%| F|  |TAMS 0x0000000707800000| PB 0x0000000707800000| Untracked 
|  36|0x0000000707a00000, 0x0000000707a00000, 0x0000000707c00000|  0%| F|  |TAMS 0x0000000707a00000| PB 0x0000000707a00000| Untracked 
|  37|0x0000000707c00000, 0x0000000707c00000, 0x0000000707e00000|  0%| F|  |TAMS 0x0000000707c00000| PB 0x0000000707c00000| Untracked 
|  38|0x0000000707e00000, 0x0000000707e00000, 0x0000000708000000|  0%| F|  |TAMS 0x0000000707e00000| PB 0x0000000707e00000| Untracked 
|  39|0x0000000708000000, 0x0000000708000000, 0x0000000708200000|  0%| F|  |TAMS 0x0000000708000000| PB 0x0000000708000000| Untracked 
|  40|0x0000000708200000, 0x0000000708200000, 0x0000000708400000|  0%| F|  |TAMS 0x0000000708200000| PB 0x0000000708200000| Untracked 
|  41|0x0000000708400000, 0x0000000708400000, 0x0000000708600000|  0%| F|  |TAMS 0x0000000708400000| PB 0x0000000708400000| Untracked 
|  42|0x0000000708600000, 0x0000000708600000, 0x0000000708800000|  0%| F|  |TAMS 0x0000000708600000| PB 0x0000000708600000| Untracked 
|  43|0x0000000708800000, 0x0000000708800000, 0x0000000708a00000|  0%| F|  |TAMS 0x0000000708800000| PB 0x0000000708800000| Untracked 
|  44|0x0000000708a00000, 0x0000000708a00000, 0x0000000708c00000|  0%| F|  |TAMS 0x0000000708a00000| PB 0x0000000708a00000| Untracked 
|  45|0x0000000708c00000, 0x0000000708c00000, 0x0000000708e00000|  0%| F|  |TAMS 0x0000000708c00000| PB 0x0000000708c00000| Untracked 
|  46|0x0000000708e00000, 0x0000000708e00000, 0x0000000709000000|  0%| F|  |TAMS 0x0000000708e00000| PB 0x0000000708e00000| Untracked 
|  47|0x0000000709000000, 0x0000000709000000, 0x0000000709200000|  0%| F|  |TAMS 0x0000000709000000| PB 0x0000000709000000| Untracked 
|  48|0x0000000709200000, 0x0000000709200000, 0x0000000709400000|  0%| F|  |TAMS 0x0000000709200000| PB 0x0000000709200000| Untracked 
|  49|0x0000000709400000, 0x0000000709400000, 0x0000000709600000|  0%| F|  |TAMS 0x0000000709400000| PB 0x0000000709400000| Untracked 
|  50|0x0000000709600000, 0x0000000709600000, 0x0000000709800000|  0%| F|  |TAMS 0x0000000709600000| PB 0x0000000709600000| Untracked 
|  51|0x0000000709800000, 0x0000000709800000, 0x0000000709a00000|  0%| F|  |TAMS 0x0000000709800000| PB 0x0000000709800000| Untracked 
|  52|0x0000000709a00000, 0x0000000709a00000, 0x0000000709c00000|  0%| F|  |TAMS 0x0000000709a00000| PB 0x0000000709a00000| Untracked 
|  53|0x0000000709c00000, 0x0000000709c00000, 0x0000000709e00000|  0%| F|  |TAMS 0x0000000709c00000| PB 0x0000000709c00000| Untracked 
|  54|0x0000000709e00000, 0x0000000709e00000, 0x000000070a000000|  0%| F|  |TAMS 0x0000000709e00000| PB 0x0000000709e00000| Untracked 
|  55|0x000000070a000000, 0x000000070a000000, 0x000000070a200000|  0%| F|  |TAMS 0x000000070a000000| PB 0x000000070a000000| Untracked 
|  56|0x000000070a200000, 0x000000070a200000, 0x000000070a400000|  0%| F|  |TAMS 0x000000070a200000| PB 0x000000070a200000| Untracked 
|  57|0x000000070a400000, 0x000000070a400000, 0x000000070a600000|  0%| F|  |TAMS 0x000000070a400000| PB 0x000000070a400000| Untracked 
|  58|0x000000070a600000, 0x000000070a600000, 0x000000070a800000|  0%| F|  |TAMS 0x000000070a600000| PB 0x000000070a600000| Untracked 
|  59|0x000000070a800000, 0x000000070a800000, 0x000000070aa00000|  0%| F|  |TAMS 0x000000070a800000| PB 0x000000070a800000| Untracked 
|  60|0x000000070aa00000, 0x000000070aa00000, 0x000000070ac00000|  0%| F|  |TAMS 0x000000070aa00000| PB 0x000000070aa00000| Untracked 
|  61|0x000000070ac00000, 0x000000070ac00000, 0x000000070ae00000|  0%| F|  |TAMS 0x000000070ac00000| PB 0x000000070ac00000| Untracked 
|  62|0x000000070ae00000, 0x000000070ae00000, 0x000000070b000000|  0%| F|  |TAMS 0x000000070ae00000| PB 0x000000070ae00000| Untracked 
|  63|0x000000070b000000, 0x000000070b000000, 0x000000070b200000|  0%| F|  |TAMS 0x000000070b000000| PB 0x000000070b000000| Untracked 
|  64|0x000000070b200000, 0x000000070b200000, 0x000000070b400000|  0%| F|  |TAMS 0x000000070b200000| PB 0x000000070b200000| Untracked 
|  65|0x000000070b400000, 0x000000070b400000, 0x000000070b600000|  0%| F|  |TAMS 0x000000070b400000| PB 0x000000070b400000| Untracked 
|  66|0x000000070b600000, 0x000000070b600000, 0x000000070b800000|  0%| F|  |TAMS 0x000000070b600000| PB 0x000000070b600000| Untracked 
|  67|0x000000070b800000, 0x000000070b800000, 0x000000070ba00000|  0%| F|  |TAMS 0x000000070b800000| PB 0x000000070b800000| Untracked 
|  68|0x000000070ba00000, 0x000000070ba00000, 0x000000070bc00000|  0%| F|  |TAMS 0x000000070ba00000| PB 0x000000070ba00000| Untracked 
|  69|0x000000070bc00000, 0x000000070bc00000, 0x000000070be00000|  0%| F|  |TAMS 0x000000070bc00000| PB 0x000000070bc00000| Untracked 
|  70|0x000000070be00000, 0x000000070be00000, 0x000000070c000000|  0%| F|  |TAMS 0x000000070be00000| PB 0x000000070be00000| Untracked 
|  71|0x000000070c000000, 0x000000070c000000, 0x000000070c200000|  0%| F|  |TAMS 0x000000070c000000| PB 0x000000070c000000| Untracked 
|  72|0x000000070c200000, 0x000000070c200000, 0x000000070c400000|  0%| F|  |TAMS 0x000000070c200000| PB 0x000000070c200000| Untracked 
|  73|0x000000070c400000, 0x000000070c400000, 0x000000070c600000|  0%| F|  |TAMS 0x000000070c400000| PB 0x000000070c400000| Untracked 
|  74|0x000000070c600000, 0x000000070c600000, 0x000000070c800000|  0%| F|  |TAMS 0x000000070c600000| PB 0x000000070c600000| Untracked 
|  75|0x000000070c800000, 0x000000070c800000, 0x000000070ca00000|  0%| F|  |TAMS 0x000000070c800000| PB 0x000000070c800000| Untracked 
|  76|0x000000070ca00000, 0x000000070ca00000, 0x000000070cc00000|  0%| F|  |TAMS 0x000000070ca00000| PB 0x000000070ca00000| Untracked 
|  77|0x000000070cc00000, 0x000000070cc00000, 0x000000070ce00000|  0%| F|  |TAMS 0x000000070cc00000| PB 0x000000070cc00000| Untracked 
|  78|0x000000070ce00000, 0x000000070ce00000, 0x000000070d000000|  0%| F|  |TAMS 0x000000070ce00000| PB 0x000000070ce00000| Untracked 
|  79|0x000000070d000000, 0x000000070d000000, 0x000000070d200000|  0%| F|  |TAMS 0x000000070d000000| PB 0x000000070d000000| Untracked 
|  80|0x000000070d200000, 0x000000070d200000, 0x000000070d400000|  0%| F|  |TAMS 0x000000070d200000| PB 0x000000070d200000| Untracked 
|  81|0x000000070d400000, 0x000000070d400000, 0x000000070d600000|  0%| F|  |TAMS 0x000000070d400000| PB 0x000000070d400000| Untracked 
|  82|0x000000070d600000, 0x000000070d600000, 0x000000070d800000|  0%| F|  |TAMS 0x000000070d600000| PB 0x000000070d600000| Untracked 
|  83|0x000000070d800000, 0x000000070d800000, 0x000000070da00000|  0%| F|  |TAMS 0x000000070d800000| PB 0x000000070d800000| Untracked 
|  84|0x000000070da00000, 0x000000070da00000, 0x000000070dc00000|  0%| F|  |TAMS 0x000000070da00000| PB 0x000000070da00000| Untracked 
|  85|0x000000070dc00000, 0x000000070dc00000, 0x000000070de00000|  0%| F|  |TAMS 0x000000070dc00000| PB 0x000000070dc00000| Untracked 
|  86|0x000000070de00000, 0x000000070de00000, 0x000000070e000000|  0%| F|  |TAMS 0x000000070de00000| PB 0x000000070de00000| Untracked 
|  87|0x000000070e000000, 0x000000070e000000, 0x000000070e200000|  0%| F|  |TAMS 0x000000070e000000| PB 0x000000070e000000| Untracked 
|  88|0x000000070e200000, 0x000000070e200000, 0x000000070e400000|  0%| F|  |TAMS 0x000000070e200000| PB 0x000000070e200000| Untracked 
|  89|0x000000070e400000, 0x000000070e400000, 0x000000070e600000|  0%| F|  |TAMS 0x000000070e400000| PB 0x000000070e400000| Untracked 
|  90|0x000000070e600000, 0x000000070e600000, 0x000000070e800000|  0%| F|  |TAMS 0x000000070e600000| PB 0x000000070e600000| Untracked 
|  91|0x000000070e800000, 0x000000070e800000, 0x000000070ea00000|  0%| F|  |TAMS 0x000000070e800000| PB 0x000000070e800000| Untracked 
|  92|0x000000070ea00000, 0x000000070ea00000, 0x000000070ec00000|  0%| F|  |TAMS 0x000000070ea00000| PB 0x000000070ea00000| Untracked 
|  93|0x000000070ec00000, 0x000000070ec00000, 0x000000070ee00000|  0%| F|  |TAMS 0x000000070ec00000| PB 0x000000070ec00000| Untracked 
|  94|0x000000070ee00000, 0x000000070ee00000, 0x000000070f000000|  0%| F|  |TAMS 0x000000070ee00000| PB 0x000000070ee00000| Untracked 
|  95|0x000000070f000000, 0x000000070f000000, 0x000000070f200000|  0%| F|  |TAMS 0x000000070f000000| PB 0x000000070f000000| Untracked 
|  96|0x000000070f200000, 0x000000070f200000, 0x000000070f400000|  0%| F|  |TAMS 0x000000070f200000| PB 0x000000070f200000| Untracked 
|  97|0x000000070f400000, 0x000000070f400000, 0x000000070f600000|  0%| F|  |TAMS 0x000000070f400000| PB 0x000000070f400000| Untracked 
|  98|0x000000070f600000, 0x000000070f600000, 0x000000070f800000|  0%| F|  |TAMS 0x000000070f600000| PB 0x000000070f600000| Untracked 
|  99|0x000000070f800000, 0x000000070f800000, 0x000000070fa00000|  0%| F|  |TAMS 0x000000070f800000| PB 0x000000070f800000| Untracked 
| 100|0x000000070fa00000, 0x000000070fa00000, 0x000000070fc00000|  0%| F|  |TAMS 0x000000070fa00000| PB 0x000000070fa00000| Untracked 
| 101|0x000000070fc00000, 0x000000070fc00000, 0x000000070fe00000|  0%| F|  |TAMS 0x000000070fc00000| PB 0x000000070fc00000| Untracked 
| 102|0x000000070fe00000, 0x000000070fe00000, 0x0000000710000000|  0%| F|  |TAMS 0x000000070fe00000| PB 0x000000070fe00000| Untracked 
| 103|0x0000000710000000, 0x0000000710000000, 0x0000000710200000|  0%| F|  |TAMS 0x0000000710000000| PB 0x0000000710000000| Untracked 
| 104|0x0000000710200000, 0x0000000710200000, 0x0000000710400000|  0%| F|  |TAMS 0x0000000710200000| PB 0x0000000710200000| Untracked 
| 105|0x0000000710400000, 0x0000000710400000, 0x0000000710600000|  0%| F|  |TAMS 0x0000000710400000| PB 0x0000000710400000| Untracked 
| 106|0x0000000710600000, 0x0000000710600000, 0x0000000710800000|  0%| F|  |TAMS 0x0000000710600000| PB 0x0000000710600000| Untracked 
| 107|0x0000000710800000, 0x0000000710800000, 0x0000000710a00000|  0%| F|  |TAMS 0x0000000710800000| PB 0x0000000710800000| Untracked 
| 108|0x0000000710a00000, 0x0000000710a00000, 0x0000000710c00000|  0%| F|  |TAMS 0x0000000710a00000| PB 0x0000000710a00000| Untracked 
| 109|0x0000000710c00000, 0x0000000710c00000, 0x0000000710e00000|  0%| F|  |TAMS 0x0000000710c00000| PB 0x0000000710c00000| Untracked 
| 110|0x0000000710e00000, 0x0000000710e00000, 0x0000000711000000|  0%| F|  |TAMS 0x0000000710e00000| PB 0x0000000710e00000| Untracked 
| 111|0x0000000711000000, 0x0000000711000000, 0x0000000711200000|  0%| F|  |TAMS 0x0000000711000000| PB 0x0000000711000000| Untracked 
| 112|0x0000000711200000, 0x0000000711200000, 0x0000000711400000|  0%| F|  |TAMS 0x0000000711200000| PB 0x0000000711200000| Untracked 
| 113|0x0000000711400000, 0x0000000711400000, 0x0000000711600000|  0%| F|  |TAMS 0x0000000711400000| PB 0x0000000711400000| Untracked 
| 114|0x0000000711600000, 0x0000000711600000, 0x0000000711800000|  0%| F|  |TAMS 0x0000000711600000| PB 0x0000000711600000| Untracked 
| 115|0x0000000711800000, 0x0000000711800000, 0x0000000711a00000|  0%| F|  |TAMS 0x0000000711800000| PB 0x0000000711800000| Untracked 
| 116|0x0000000711a00000, 0x0000000711a00000, 0x0000000711c00000|  0%| F|  |TAMS 0x0000000711a00000| PB 0x0000000711a00000| Untracked 
| 117|0x0000000711c00000, 0x0000000711c00000, 0x0000000711e00000|  0%| F|  |TAMS 0x0000000711c00000| PB 0x0000000711c00000| Untracked 
| 118|0x0000000711e00000, 0x0000000711e70a58, 0x0000000712000000| 22%| E|  |TAMS 0x0000000711e00000| PB 0x0000000711e00000| Complete 
| 119|0x0000000712000000, 0x0000000712200000, 0x0000000712200000|100%| E|CS|TAMS 0x0000000712000000| PB 0x0000000712000000| Complete 
| 120|0x0000000712200000, 0x0000000712400000, 0x0000000712400000|100%| E|CS|TAMS 0x0000000712200000| PB 0x0000000712200000| Complete 
| 121|0x0000000712400000, 0x0000000712600000, 0x0000000712600000|100%| E|CS|TAMS 0x0000000712400000| PB 0x0000000712400000| Complete 
| 122|0x0000000712600000, 0x0000000712800000, 0x0000000712800000|100%| E|CS|TAMS 0x0000000712600000| PB 0x0000000712600000| Complete 
| 123|0x0000000712800000, 0x0000000712a00000, 0x0000000712a00000|100%| E|CS|TAMS 0x0000000712800000| PB 0x0000000712800000| Complete 
| 124|0x0000000712a00000, 0x0000000712c00000, 0x0000000712c00000|100%| E|CS|TAMS 0x0000000712a00000| PB 0x0000000712a00000| Complete 
| 125|0x0000000712c00000, 0x0000000712e00000, 0x0000000712e00000|100%| E|CS|TAMS 0x0000000712c00000| PB 0x0000000712c00000| Complete 
| 126|0x0000000712e00000, 0x0000000713000000, 0x0000000713000000|100%| E|CS|TAMS 0x0000000712e00000| PB 0x0000000712e00000| Complete 

Card table byte_map: [0x00000284ab100000,0x00000284ab8f0000] _byte_map_base: 0x00000284a78e7000

Marking Bits: (CMBitMap*) 0x0000028495553450
 Bits: [0x00000284ab8f0000, 0x00000284af828000)

Polling page: 0x00000284955b0000

Metaspace:

Usage:
  Non-class:      7.96 MB used.
      Class:      1.04 MB used.
       Both:      9.00 MB used.

Virtual space:
  Non-class space:       64.00 MB reserved,       8.06 MB ( 13%) committed,  1 nodes.
      Class space:        1.00 GB reserved,       1.12 MB ( <1%) committed,  1 nodes.
             Both:        1.06 GB reserved,       9.19 MB ( <1%) committed. 

Chunk freelists:
   Non-Class:  7.89 MB
       Class:  14.69 MB
        Both:  22.58 MB

MaxMetaspaceSize: unlimited
CompressedClassSpaceSize: 1.00 GB
Initial GC threshold: 21.00 MB
Current GC threshold: 21.00 MB
CDS: on
 - commit_granule_bytes: 65536.
 - commit_granule_words: 8192.
 - virtual_space_node_default_size: 8388608.
 - enlarge_chunks_in_place: 1.
 - use_allocation_guard: 0.


Internal statistics:

num_allocs_failed_limit: 0.
num_arena_births: 244.
num_arena_deaths: 0.
num_vsnodes_births: 2.
num_vsnodes_deaths: 0.
num_space_committed: 147.
num_space_uncommitted: 0.
num_chunks_returned_to_freelist: 0.
num_chunks_taken_from_freelist: 415.
num_chunk_merges: 0.
num_chunk_splits: 241.
num_chunks_enlarged: 111.
num_inconsistent_stats: 0.

CodeHeap 'non-profiled nmethods': size=120000Kb used=402Kb max_used=402Kb free=119597Kb
 bounds [0x00000284a2760000, 0x00000284a29d0000, 0x00000284a9c90000]
CodeHeap 'profiled nmethods': size=120000Kb used=1864Kb max_used=1864Kb free=118136Kb
 bounds [0x000002849ac90000, 0x000002849af00000, 0x00000284a21c0000]
CodeHeap 'non-nmethods': size=5760Kb used=1434Kb max_used=1458Kb free=4325Kb
 bounds [0x00000284a21c0000, 0x00000284a2430000, 0x00000284a2760000]
 total_blobs=1697 nmethods=1178 adapters=424
 compilation: enabled
              stopped_count=0, restarted_count=0
 full_count=0

Compilation events (20 events):
Event: 0.728 Thread 0x00000284b252d630 1170       3       java.lang.invoke.MethodHandles$Lookup::linkMethodHandleConstant (223 bytes)
Event: 0.729 Thread 0x00000284b252d630 nmethod 1170 0x000002849ae5c410 code [0x000002849ae5c800, 0x000002849ae5dfe0]
Event: 0.729 Thread 0x00000284b252d630 1171       3       jdk.internal.org.objectweb.asm.ClassWriter::visitField (53 bytes)
Event: 0.729 Thread 0x00000284b252d630 nmethod 1171 0x000002849ae5e790 code [0x000002849ae5e960, 0x000002849ae5ecd8]
Event: 0.729 Thread 0x00000284b252d630 1172       3       jdk.internal.org.objectweb.asm.FieldWriter::putFieldInfo (269 bytes)
Event: 0.730 Thread 0x00000284b252d630 nmethod 1172 0x000002849ae5ee10 code [0x000002849ae5f0c0, 0x000002849ae5fa38]
Event: 0.730 Thread 0x00000284b252d630 1173       3       java.lang.invoke.MemberName$Factory::resolveOrNull (54 bytes)
Event: 0.730 Thread 0x00000284b252d630 nmethod 1173 0x000002849ae5fd90 code [0x000002849ae5ff60, 0x000002849ae60200]
Event: 0.730 Thread 0x00000284b252d630 1174       3       java.util.ImmutableCollections$Set12::<init> (53 bytes)
Event: 0.730 Thread 0x00000284b2527560 1175       4       jdk.internal.util.StrongReferenceKey::hashCode (8 bytes)
Event: 0.731 Thread 0x00000284b252d630 nmethod 1174 0x000002849ae60310 code [0x000002849ae605c0, 0x000002849ae61210]
Event: 0.731 Thread 0x00000284b252d630 1176       3       java.nio.MappedByteBuffer::limit (6 bytes)
Event: 0.731 Thread 0x00000284b252d630 nmethod 1176 0x000002849ae61690 code [0x000002849ae61840, 0x000002849ae61a50]
Event: 0.732 Thread 0x00000284b252d630 1177       1       java.util.concurrent.atomic.AtomicInteger::get (5 bytes)
Event: 0.732 Thread 0x00000284b252d630 nmethod 1177 0x00000284a27c3a90 code [0x00000284a27c3c20, 0x00000284a27c3ce8]
Event: 0.733 Thread 0x00000284b252d630 1178       3       java.nio.ByteBuffer::get (9 bytes)
Event: 0.733 Thread 0x00000284b252d630 nmethod 1178 0x000002849ae61b90 code [0x000002849ae61d40, 0x000002849ae61f20]
Event: 0.734 Thread 0x00000284b252d630 1179       1       sun.security.provider.DigestBase::engineGetDigestLength (5 bytes)
Event: 0.734 Thread 0x00000284b252d630 nmethod 1179 0x00000284a27c3d90 code [0x00000284a27c3f20, 0x00000284a27c3fe8]
Event: 0.735 Thread 0x00000284b2527560 nmethod 1175 0x00000284a27c4090 code [0x00000284a27c42a0, 0x00000284a27c4700]

GC Heap History (0 events):
No events

Dll operation events (2 events):
Event: 0.014 Loaded shared library C:\Program Files\JetBrains\IntelliJ IDEA 2024.3\jbr\bin\java.dll
Event: 0.039 Loaded shared library C:\Program Files\JetBrains\IntelliJ IDEA 2024.3\jbr\bin\zip.dll

Deoptimization events (20 events):
Event: 0.637 Thread 0x00000284f8160f00 Uncommon trap: trap_request=0xffffff66 fr.pc=0x00000284a27b7b7c relative=0x000000000000031c
Event: 0.637 Thread 0x00000284f8160f00 Uncommon trap: reason=speculate_class_check action=maybe_recompile pc=0x00000284a27b7b7c method=sun.security.util.math.intpoly.IntegerPolynomial.multByInt([JJ)V @ 26 c2
Event: 0.637 Thread 0x00000284f8160f00 DEOPT PACKING pc=0x00000284a27b7b7c sp=0x000000ba888fe530
Event: 0.637 Thread 0x00000284f8160f00 DEOPT UNPACKING pc=0x00000284a22146a2 sp=0x000000ba888fe470 mode 2
Event: 0.637 Thread 0x00000284f8160f00 Uncommon trap: trap_request=0xffffffde fr.pc=0x00000284a27b2cc0 relative=0x0000000000000280
Event: 0.637 Thread 0x00000284f8160f00 Uncommon trap: reason=class_check action=maybe_recompile pc=0x00000284a27b2cc0 method=sun.security.util.math.intpoly.IntegerPolynomial.multByInt([JJ)V @ 26 c2
Event: 0.637 Thread 0x00000284f8160f00 DEOPT PACKING pc=0x00000284a27b2cc0 sp=0x000000ba888fe4a0
Event: 0.637 Thread 0x00000284f8160f00 DEOPT UNPACKING pc=0x00000284a22146a2 sp=0x000000ba888fe470 mode 2
Event: 0.637 Thread 0x00000284f8160f00 Uncommon trap: trap_request=0xffffffde fr.pc=0x00000284a27b2cc0 relative=0x0000000000000280
Event: 0.637 Thread 0x00000284f8160f00 Uncommon trap: reason=class_check action=maybe_recompile pc=0x00000284a27b2cc0 method=sun.security.util.math.intpoly.IntegerPolynomial.multByInt([JJ)V @ 26 c2
Event: 0.637 Thread 0x00000284f8160f00 DEOPT PACKING pc=0x00000284a27b2cc0 sp=0x000000ba888fe4a0
Event: 0.637 Thread 0x00000284f8160f00 DEOPT UNPACKING pc=0x00000284a22146a2 sp=0x000000ba888fe470 mode 2
Event: 0.637 Thread 0x00000284f8160f00 Uncommon trap: trap_request=0xffffffde fr.pc=0x00000284a27b2cc0 relative=0x0000000000000280
Event: 0.637 Thread 0x00000284f8160f00 Uncommon trap: reason=class_check action=maybe_recompile pc=0x00000284a27b2cc0 method=sun.security.util.math.intpoly.IntegerPolynomial.multByInt([JJ)V @ 26 c2
Event: 0.637 Thread 0x00000284f8160f00 DEOPT PACKING pc=0x00000284a27b2cc0 sp=0x000000ba888fe4a0
Event: 0.637 Thread 0x00000284f8160f00 DEOPT UNPACKING pc=0x00000284a22146a2 sp=0x000000ba888fe470 mode 2
Event: 0.637 Thread 0x00000284f8160f00 Uncommon trap: trap_request=0xffffffde fr.pc=0x00000284a27b2cc0 relative=0x0000000000000280
Event: 0.637 Thread 0x00000284f8160f00 Uncommon trap: reason=class_check action=maybe_recompile pc=0x00000284a27b2cc0 method=sun.security.util.math.intpoly.IntegerPolynomial.multByInt([JJ)V @ 26 c2
Event: 0.637 Thread 0x00000284f8160f00 DEOPT PACKING pc=0x00000284a27b2cc0 sp=0x000000ba888fe4a0
Event: 0.637 Thread 0x00000284f8160f00 DEOPT UNPACKING pc=0x00000284a22146a2 sp=0x000000ba888fe470 mode 2

Classes loaded (20 events):
Event: 0.695 Loading class jdk/internal/event/TLSHandshakeEvent
Event: 0.695 Loading class jdk/internal/event/TLSHandshakeEvent done
Event: 0.696 Loading class com/sun/crypto/provider/GaloisCounterMode$GCMEncrypt
Event: 0.696 Loading class com/sun/crypto/provider/GaloisCounterMode$GCMEncrypt done
Event: 0.696 Loading class com/sun/crypto/provider/GaloisCounterMode$EncryptOp
Event: 0.697 Loading class com/sun/crypto/provider/GaloisCounterMode$EncryptOp done
Event: 0.697 Loading class sun/security/ssl/CipherSuite$1
Event: 0.697 Loading class sun/security/ssl/CipherSuite$1 done
Event: 0.700 Loading class java/util/concurrent/CompletionException
Event: 0.700 Loading class java/util/concurrent/CompletionException done
Event: 0.724 Loading class java/util/Collections$UnmodifiableMap$UnmodifiableEntrySet
Event: 0.725 Loading class java/util/Collections$UnmodifiableMap$UnmodifiableEntrySet done
Event: 0.725 Loading class java/util/Collections$UnmodifiableMap$UnmodifiableEntrySet$1
Event: 0.725 Loading class java/util/Collections$UnmodifiableMap$UnmodifiableEntrySet$1 done
Event: 0.725 Loading class java/util/Collections$UnmodifiableMap$UnmodifiableEntrySet$UnmodifiableEntry
Event: 0.725 Loading class java/util/Collections$UnmodifiableMap$UnmodifiableEntrySet$UnmodifiableEntry done
Event: 0.733 Loading class sun/security/ssl/NewSessionTicket$T13NewSessionTicketMessage
Event: 0.733 Loading class sun/security/ssl/NewSessionTicket$NewSessionTicketMessage
Event: 0.733 Loading class sun/security/ssl/NewSessionTicket$NewSessionTicketMessage done
Event: 0.733 Loading class sun/security/ssl/NewSessionTicket$T13NewSessionTicketMessage done

Classes unloaded (0 events):
No events

Classes redefined (0 events):
No events

Internal exceptions (20 events):
Event: 0.254 Thread 0x0000028495373a40 Exception <a 'java/lang/NoSuchMethodError'{0x0000000712865058}: 'int java.lang.invoke.DirectMethodHandle$Holder.invokeStaticInit(java.lang.Object, float, float)'> (0x0000000712865058) 
thrown [s\src\hotspot\share\interpreter\linkResolver.cpp, line 784]
Event: 0.255 Thread 0x0000028495373a40 Exception <a 'java/lang/NoSuchMethodError'{0x000000071286bae8}: 'int java.lang.invoke.DirectMethodHandle$Holder.invokeStaticInit(java.lang.Object, double, double)'> (0x000000071286bae8) 
thrown [s\src\hotspot\share\interpreter\linkResolver.cpp, line 784]
Event: 0.255 Thread 0x0000028495373a40 Exception <a 'java/lang/NoSuchMethodError'{0x0000000712870298}: 'int java.lang.invoke.DirectMethodHandle$Holder.invokeStatic(java.lang.Object, long)'> (0x0000000712870298) 
thrown [s\src\hotspot\share\interpreter\linkResolver.cpp, line 784]
Event: 0.260 Thread 0x0000028495373a40 Exception <a 'java/lang/NoSuchMethodError'{0x000000071289a028}: 'java.lang.Object java.lang.invoke.DirectMethodHandle$Holder.invokeSpecial(java.lang.Object, java.lang.Object, int, java.lang.Object, java.lang.Object)'> (0x000000071289a028) 
thrown [s\src\hotspot\share\interpreter\linkResolver.cpp, line 784]
Event: 0.260 Thread 0x0000028495373a40 Exception <a 'java/lang/NoSuchMethodError'{0x000000071289d9b8}: 'java.lang.Object java.lang.invoke.DelegatingMethodHandle$Holder.delegate(java.lang.Object, int, java.lang.Object, java.lang.Object)'> (0x000000071289d9b8) 
thrown [s\src\hotspot\share\interpreter\linkResolver.cpp, line 784]
Event: 0.262 Thread 0x0000028495373a40 Exception <a 'java/lang/NoSuchMethodError'{0x00000007128accd8}: 'int java.lang.invoke.Invokers$Holder.linkToTargetMethod(java.lang.Object, java.lang.Object, java.lang.Object)'> (0x00000007128accd8) 
thrown [s\src\hotspot\share\interpreter\linkResolver.cpp, line 784]
Event: 0.265 Thread 0x0000028495373a40 Exception <a 'java/lang/NoSuchMethodError'{0x00000007128de980}: 'long java.lang.invoke.DirectMethodHandle$Holder.invokeSpecial(java.lang.Object, java.lang.Object)'> (0x00000007128de980) 
thrown [s\src\hotspot\share\interpreter\linkResolver.cpp, line 784]
Event: 0.266 Thread 0x0000028495373a40 Exception <a 'java/lang/NoSuchMethodError'{0x00000007128e54b8}: 'int java.lang.invoke.DirectMethodHandle$Holder.invokeStatic(java.lang.Object, java.lang.Object, java.lang.Object, java.lang.Object)'> (0x00000007128e54b8) 
thrown [s\src\hotspot\share\interpreter\linkResolver.cpp, line 784]
Event: 0.266 Thread 0x0000028495373a40 Exception <a 'java/lang/NoSuchMethodError'{0x00000007128e88d8}: 'java.lang.Object java.lang.invoke.Invokers$Holder.invokeExact_MT(java.lang.Object, java.lang.Object, java.lang.Object, java.lang.Object, java.lang.Object, java.lang.Object)'> (0x00000007128e88d8) 
thrown [s\src\hotspot\share\interpreter\linkResolver.cpp, line 784]
Event: 0.364 Thread 0x0000028495373a40 Exception <a 'java/lang/NoSuchMethodError'{0x0000000712775c28}: 'java.lang.Object java.lang.invoke.DirectMethodHandle$Holder.newInvokeSpecial(java.lang.Object, java.lang.Object, java.lang.Object, java.lang.Object, java.lang.Object)'> (0x0000000712775c28) 
thrown [s\src\hotspot\share\interpreter\linkResolver.cpp, line 784]
Event: 0.401 Thread 0x0000028495373a40 Exception <a 'java/lang/NoSuchMethodError'{0x00000007124fd2f8}: 'java.lang.Object java.lang.invoke.DirectMethodHandle$Holder.invokeSpecial(java.lang.Object, java.lang.Object, java.lang.Object, java.lang.Object, int)'> (0x00000007124fd2f8) 
thrown [s\src\hotspot\share\interpreter\linkResolver.cpp, line 784]
Event: 0.402 Thread 0x0000028495373a40 Exception <a 'java/lang/NoSuchMethodError'{0x0000000712500ea0}: 'java.lang.Object java.lang.invoke.Invokers$Holder.linkToTargetMethod(java.lang.Object, java.lang.Object, int, java.lang.Object)'> (0x0000000712500ea0) 
thrown [s\src\hotspot\share\interpreter\linkResolver.cpp, line 784]
Event: 0.410 Thread 0x0000028495373a40 Exception <a 'java/lang/NoSuchMethodError'{0x000000071252ef48}: 'void java.lang.invoke.DirectMethodHandle$Holder.invokeSpecial(java.lang.Object, java.lang.Object, java.lang.Object)'> (0x000000071252ef48) 
thrown [s\src\hotspot\share\interpreter\linkResolver.cpp, line 784]
Event: 0.437 Thread 0x00000284f804c650 Exception <a 'java/lang/NoSuchMethodError'{0x0000000712702690}: 'void java.lang.invoke.DirectMethodHandle$Holder.invokeStatic(java.lang.Object, java.lang.Object, int)'> (0x0000000712702690) 
thrown [s\src\hotspot\share\interpreter\linkResolver.cpp, line 784]
Event: 0.439 Thread 0x0000028495373a40 Exception <a 'java/lang/NoSuchMethodError'{0x00000007125bf440}: 'void java.lang.invoke.DirectMethodHandle$Holder.invokeSpecial(java.lang.Object, java.lang.Object, java.lang.Object, java.lang.Object, java.lang.Object)'> (0x00000007125bf440) 
thrown [s\src\hotspot\share\interpreter\linkResolver.cpp, line 784]
Event: 0.454 Thread 0x00000284f804c650 Exception <a 'java/lang/NoSuchMethodError'{0x000000071273c388}: 'void java.lang.invoke.DirectMethodHandle$Holder.invokeStatic(java.lang.Object, java.lang.Object)'> (0x000000071273c388) 
thrown [s\src\hotspot\share\interpreter\linkResolver.cpp, line 784]
Event: 0.488 Thread 0x00000284f8160f00 Exception <a 'java/lang/NoSuchMethodError'{0x0000000712205df0}: 'void java.lang.invoke.DirectMethodHandle$Holder.invokeInterface(java.lang.Object, java.lang.Object, java.lang.Object)'> (0x0000000712205df0) 
thrown [s\src\hotspot\share\interpreter\linkResolver.cpp, line 784]
Event: 0.497 Thread 0x00000284f8160f00 Exception <a 'java/lang/NoSuchMethodError'{0x0000000712253e98}: 'void java.lang.invoke.DirectMethodHandle$Holder.invokeVirtual(java.lang.Object, java.lang.Object)'> (0x0000000712253e98) 
thrown [s\src\hotspot\share\interpreter\linkResolver.cpp, line 784]
Event: 0.626 Thread 0x00000284f8160f00 Exception <a 'java/lang/NoSuchMethodError'{0x0000000712065880}: 'void java.lang.invoke.DirectMethodHandle$Holder.invokeInterface(java.lang.Object, java.lang.Object)'> (0x0000000712065880) 
thrown [s\src\hotspot\share\interpreter\linkResolver.cpp, line 784]
Event: 0.698 Thread 0x00000284f8160f00 Exception <a 'java/lang/NoSuchMethodError'{0x00000007120dd0b0}: 'void java.lang.invoke.DirectMethodHandle$Holder.invokeStatic(java.lang.Object, java.lang.Object, java.lang.Object, java.lang.Object)'> (0x00000007120dd0b0) 
thrown [s\src\hotspot\share\interpreter\linkResolver.cpp, line 784]

ZGC Phase Switch (0 events):
No events

VM Operations (10 events):
Event: 0.077 Executing VM operation: HandshakeAllThreads (Deoptimize)
Event: 0.077 Executing VM operation: HandshakeAllThreads (Deoptimize) done
Event: 0.082 Executing VM operation: HandshakeAllThreads (Deoptimize)
Event: 0.082 Executing VM operation: HandshakeAllThreads (Deoptimize) done
Event: 0.211 Executing VM operation: HandshakeAllThreads (Deoptimize)
Event: 0.211 Executing VM operation: HandshakeAllThreads (Deoptimize) done
Event: 0.440 Executing VM operation: HandshakeAllThreads (Deoptimize)
Event: 0.446 Executing VM operation: HandshakeAllThreads (Deoptimize) done
Event: 0.680 Executing VM operation: ICBufferFull
Event: 0.680 Executing VM operation: ICBufferFull done

Memory protections (0 events):
No events

Nmethod flushes (0 events):
No events

Events (20 events):
Event: 0.048 Thread 0x0000028495373a40 Thread added: 0x00000284b251c930
Event: 0.048 Thread 0x0000028495373a40 Thread added: 0x00000284b2520370
Event: 0.048 Thread 0x0000028495373a40 Thread added: 0x00000284b25217c0
Event: 0.048 Thread 0x0000028495373a40 Thread added: 0x00000284b25225a0
Event: 0.048 Thread 0x0000028495373a40 Thread added: 0x00000284b2523af0
Event: 0.049 Thread 0x0000028495373a40 Thread added: 0x00000284b2527560
Event: 0.049 Thread 0x0000028495373a40 Thread added: 0x00000284b252d630
Event: 0.062 Thread 0x0000028495373a40 Thread added: 0x00000284b2842c70
Event: 0.064 Thread 0x0000028495373a40 Thread added: 0x00000284b28474b0
Event: 0.068 Loaded shared library C:\Program Files\JetBrains\IntelliJ IDEA 2024.3\jbr\bin\net.dll
Event: 0.071 Loaded shared library C:\Program Files\JetBrains\IntelliJ IDEA 2024.3\jbr\bin\nio.dll
Event: 0.074 Loaded shared library C:\Program Files\JetBrains\IntelliJ IDEA 2024.3\jbr\bin\zip.dll
Event: 0.114 Loaded shared library C:\Program Files\JetBrains\IntelliJ IDEA 2024.3\jbr\bin\jimage.dll
Event: 0.303 Loaded shared library C:\Program Files\JetBrains\IntelliJ IDEA 2024.3\jbr\bin\sunmscapi.dll
Event: 0.352 Loaded shared library C:\Program Files\JetBrains\IntelliJ IDEA 2024.3\jbr\bin\extnet.dll
Event: 0.359 Thread 0x0000028495373a40 Thread added: 0x00000284f804c650
Event: 0.454 Thread 0x00000284f804c650 Thread added: 0x00000284f8160f00
Event: 0.505 Thread 0x00000284f804c650 Thread added: 0x00000284f81349c0
Event: 0.548 Thread 0x00000284b252d630 Thread added: 0x00000284f8216690
Event: 0.549 Thread 0x00000284b252d630 Thread added: 0x00000284f8216d30


Dynamic libraries:
0x00007ff770eb0000 - 0x00007ff770eba000 	C:\Program Files\JetBrains\IntelliJ IDEA 2024.3\jbr\bin\java.exe
0x00007ff9362b0000 - 0x00007ff9364c7000 	C:\Windows\SYSTEM32\ntdll.dll
0x00007ff9341f0000 - 0x00007ff9342b4000 	C:\Windows\System32\KERNEL32.DLL
0x00007ff933a70000 - 0x00007ff933e2a000 	C:\Windows\System32\KERNELBASE.dll
0x00007ff933e90000 - 0x00007ff933fa1000 	C:\Windows\System32\ucrtbase.dll
0x00007ff92c910000 - 0x00007ff92c928000 	C:\Program Files\JetBrains\IntelliJ IDEA 2024.3\jbr\bin\jli.dll
0x00007ff91a380000 - 0x00007ff91a39b000 	C:\Program Files\JetBrains\IntelliJ IDEA 2024.3\jbr\bin\VCRUNTIME140.dll
0x00007ff934430000 - 0x00007ff9345de000 	C:\Windows\System32\USER32.dll
0x00007ff933e30000 - 0x00007ff933e56000 	C:\Windows\System32\win32u.dll
0x00007ff9342c0000 - 0x00007ff9342e9000 	C:\Windows\System32\GDI32.dll
0x00007ff9336c0000 - 0x00007ff9337db000 	C:\Windows\System32\gdi32full.dll
0x00007ff9339d0000 - 0x00007ff933a6a000 	C:\Windows\System32\msvcp_win.dll
0x00007ff914c00000 - 0x00007ff914e92000 	C:\Windows\WinSxS\amd64_microsoft.windows.common-controls_6595b64144ccf1df_6.0.22621.4541_none_2710d1c57384c085\COMCTL32.dll
0x00007ff935690000 - 0x00007ff935737000 	C:\Windows\System32\msvcrt.dll
0x00007ff9340b0000 - 0x00007ff9340e1000 	C:\Windows\System32\IMM32.DLL
0x00007ff91a1a0000 - 0x00007ff91a1ac000 	C:\Program Files\JetBrains\IntelliJ IDEA 2024.3\jbr\bin\vcruntime140_1.dll
0x00007ff8a47e0000 - 0x00007ff8a486d000 	C:\Program Files\JetBrains\IntelliJ IDEA 2024.3\jbr\bin\msvcp140.dll
0x00007ff8c1ee0000 - 0x00007ff8c2ca1000 	C:\Program Files\JetBrains\IntelliJ IDEA 2024.3\jbr\bin\server\jvm.dll
0x00007ff9355d0000 - 0x00007ff935682000 	C:\Windows\System32\ADVAPI32.dll
0x00007ff934930000 - 0x00007ff9349d7000 	C:\Windows\System32\sechost.dll
0x00007ff933e60000 - 0x00007ff933e88000 	C:\Windows\System32\bcrypt.dll
0x00007ff9358d0000 - 0x00007ff9359e4000 	C:\Windows\System32\RPCRT4.dll
0x00007ff935550000 - 0x00007ff9355c1000 	C:\Windows\System32\WS2_32.dll
0x00007ff9323d0000 - 0x00007ff93241d000 	C:\Windows\SYSTEM32\POWRPROF.dll
0x00007ff92b310000 - 0x00007ff92b344000 	C:\Windows\SYSTEM32\WINMM.dll
0x00007ff92b350000 - 0x00007ff92b35a000 	C:\Windows\SYSTEM32\VERSION.dll
0x00007ff9323b0000 - 0x00007ff9323c3000 	C:\Windows\SYSTEM32\UMPDC.dll
0x00007ff932670000 - 0x00007ff932688000 	C:\Windows\SYSTEM32\kernel.appcore.dll
0x00007ff91a0e0000 - 0x00007ff91a0ea000 	C:\Program Files\JetBrains\IntelliJ IDEA 2024.3\jbr\bin\jimage.dll
0x00007ff931020000 - 0x00007ff931252000 	C:\Windows\SYSTEM32\DBGHELP.DLL
0x00007ff934a00000 - 0x00007ff934d8f000 	C:\Windows\System32\combase.dll
0x00007ff934d90000 - 0x00007ff934e67000 	C:\Windows\System32\OLEAUT32.dll
0x00007ff921c80000 - 0x00007ff921cb2000 	C:\Windows\SYSTEM32\dbgcore.DLL
0x00007ff933640000 - 0x00007ff9336bb000 	C:\Windows\System32\bcryptPrimitives.dll
0x00007ff90ca70000 - 0x00007ff90ca90000 	C:\Program Files\JetBrains\IntelliJ IDEA 2024.3\jbr\bin\java.dll
0x00007ff9359f0000 - 0x00007ff936268000 	C:\Windows\System32\SHELL32.dll
0x00007ff931480000 - 0x00007ff931d88000 	C:\Windows\SYSTEM32\windows.storage.dll
0x00007ff931340000 - 0x00007ff93147f000 	C:\Windows\SYSTEM32\wintypes.dll
0x00007ff9340f0000 - 0x00007ff9341ea000 	C:\Windows\System32\SHCORE.dll
0x00007ff9342f0000 - 0x00007ff93434e000 	C:\Windows\System32\shlwapi.dll
0x00007ff9334b0000 - 0x00007ff9334db000 	C:\Windows\SYSTEM32\profapi.dll
0x00007ff90b8b0000 - 0x00007ff90b8c8000 	C:\Program Files\JetBrains\IntelliJ IDEA 2024.3\jbr\bin\zip.dll
0x00007ff9178e0000 - 0x00007ff9178f0000 	C:\Program Files\JetBrains\IntelliJ IDEA 2024.3\jbr\bin\net.dll
0x00007ff92b0a0000 - 0x00007ff92b1d6000 	C:\Windows\SYSTEM32\WINHTTP.dll
0x00007ff932ae0000 - 0x00007ff932b49000 	C:\Windows\system32\mswsock.dll
0x00007ff90b890000 - 0x00007ff90b8a6000 	C:\Program Files\JetBrains\IntelliJ IDEA 2024.3\jbr\bin\nio.dll
0x00007ff932d30000 - 0x00007ff932d4b000 	C:\Windows\SYSTEM32\CRYPTSP.dll
0x00007ff9325d0000 - 0x00007ff932605000 	C:\Windows\system32\rsaenh.dll
0x00007ff932b80000 - 0x00007ff932ba8000 	C:\Windows\SYSTEM32\USERENV.dll
0x00007ff932cf0000 - 0x00007ff932cfc000 	C:\Windows\SYSTEM32\CRYPTBASE.dll
0x00007ff932060000 - 0x00007ff93208d000 	C:\Windows\SYSTEM32\IPHLPAPI.DLL
0x00007ff9348d0000 - 0x00007ff9348d9000 	C:\Windows\System32\NSI.dll
0x00007ff9147e0000 - 0x00007ff9147ee000 	C:\Program Files\JetBrains\IntelliJ IDEA 2024.3\jbr\bin\sunmscapi.dll
0x00007ff933860000 - 0x00007ff9339c6000 	C:\Windows\System32\CRYPT32.dll
0x00007ff932f40000 - 0x00007ff932f6d000 	C:\Windows\SYSTEM32\ncrypt.dll
0x00007ff932f00000 - 0x00007ff932f37000 	C:\Windows\SYSTEM32\NTASN1.dll
0x00007ff914410000 - 0x00007ff914418000 	C:\Windows\system32\wshunix.dll
0x00007ff9104b0000 - 0x00007ff9104b9000 	C:\Program Files\JetBrains\IntelliJ IDEA 2024.3\jbr\bin\extnet.dll

dbghelp: loaded successfully - version: 4.0.5 - missing functions: none
symbol engine: initialized successfully - sym options: 0x614 - pdb path: .;C:\Program Files\JetBrains\IntelliJ IDEA 2024.3\jbr\bin;C:\Windows\SYSTEM32;C:\Windows\WinSxS\amd64_microsoft.windows.common-controls_6595b64144ccf1df_6.0.22621.4541_none_2710d1c57384c085;C:\Program Files\JetBrains\IntelliJ IDEA 2024.3\jbr\bin\server

VM Arguments:
java_command: git4idea.http.GitAskPassApp Username for 'https://github.com': 
java_class_path (initial): C:/Program Files/JetBrains/IntelliJ IDEA 2024.3/plugins/vcs-git/lib/git4idea-rt.jar;C:/Program Files/JetBrains/IntelliJ IDEA 2024.3/lib/externalProcess-rt.jar
Launcher Type: SUN_STANDARD

[Global flags]
     intx CICompilerCount                          = 4                                         {product} {ergonomic}
     uint ConcGCThreads                            = 3                                         {product} {ergonomic}
     uint G1ConcRefinementThreads                  = 10                                        {product} {ergonomic}
   size_t G1HeapRegionSize                         = 2097152                                   {product} {ergonomic}
    uintx GCDrainStackTargetSize                   = 64                                        {product} {ergonomic}
   size_t InitialHeapSize                          = 266338304                                 {product} {ergonomic}
   size_t MarkStackSize                            = 4194304                                   {product} {ergonomic}
   size_t MaxHeapSize                              = 4242538496                                {product} {ergonomic}
   size_t MaxNewSize                               = 2543845376                                {product} {ergonomic}
   size_t MinHeapDeltaBytes                        = 2097152                                   {product} {ergonomic}
   size_t MinHeapSize                              = 8388608                                   {product} {ergonomic}
    uintx NonNMethodCodeHeapSize                   = 5839372                                {pd product} {ergonomic}
    uintx NonProfiledCodeHeapSize                  = 122909434                              {pd product} {ergonomic}
    uintx ProfiledCodeHeapSize                     = 122909434                              {pd product} {ergonomic}
    uintx ReservedCodeCacheSize                    = 251658240                              {pd product} {ergonomic}
     bool SegmentedCodeCache                       = true                                      {product} {ergonomic}
   size_t SoftMaxHeapSize                          = 4242538496                             {manageable} {ergonomic}
     bool UseCompressedOops                        = true                           {product lp64_product} {ergonomic}
     bool UseG1GC                                  = true                                      {product} {ergonomic}
     bool UseLargePagesIndividualAllocation        = false                                  {pd product} {ergonomic}

Logging:
Log output configuration:
 #0: stdout all=warning uptime,level,tags foldmultilines=false
 #1: stderr all=off uptime,level,tags foldmultilines=false

Environment Variables:
JAVA_HOME=C:\Program Files\Java\jdk-17
PATH=C:\Program Files\Git\mingw64\libexec\git-core;C:\Program Files\Git\mingw64\libexec\git-core;C:\Program Files\Git\mingw64\bin;C:\Program Files\Git\usr\bin;C:\Users\sarde\bin;C:\app\sarde\product\21c\dbhomeXE\bin;C:\Program Files\Java\jdk-21\bin;C:\Program Files\Java\jdk-17\bin;C:\Program Files\Common Files\Oracle\Java\javapath;C:\oracleinstall\WINDOWS.X64_193000_db_home\bin;C:\Program Files (x86)\Intel\Intel(R) Management Engine Components\iCLS;C:\Program Files\Intel\Intel(R) Management Engine Components\iCLS;C:\Windows\system32;C:\Windows;C:\Windows\System32\Wbem;C:\Windows\System32\WindowsPowerShell\v1.0;C:\Windows\System32\OpenSSH;C:\Program Files (x86)\Intel\Intel(R) Management Engine Components\DAL;C:\Program Files\Intel\Intel(R) Management Engine Components\DAL;C:\Program Files (x86)\Intel\Intel(R) Management Engine Components\IPT;C:\Program Files\Intel\Intel(R) Management Engine Components\IPT;C:\Program Files\Intel\WiFi\bin;C:\Program Files\Common Files\Intel\WirelessCommon;C:\Program Files (x86)\NVIDIA Corporation\PhysX\Common;C:\Windows\system32;C:\Windows;C:\Windows\System32\Wbem;C:\Windows\System32\WindowsPowerShell\v1.0;C:\Windows\System32\OpenSSH;C:\Program Files\Java\jdk-17\bin;C:\Program Files\Bandizip;C:\Program Files\Git\cmd;C:\Program Files\nodejs;C:\Program Files\MySQL\MySQL Server 8.0\bin;C:\Program Files\MySQL\MySQL Shell 8.0\bin;C:\Users\sarde\AppData\Local\Microsoft\WindowsApps;C:\Users\sarde\AppData\Local\Programs\Microsoft VS Code\bin;C:\Users\sarde\AppData\Local\GitHubDesktop\bin;C:\Users\sarde\AppData\Roaming\npm;C:\Program Files\JetBrains\IntelliJ IDEA 2024.3\bin
USERNAME=sarde
DISPLAY=:0.0
LC_ALL=en_US.UTF-8
TERM=xterm-256color
TMPDIR=C:\Users\sarde\AppData\Local\Temp
OS=Windows_NT
PROCESSOR_IDENTIFIER=Intel64 Family 6 Model 158 Stepping 10, GenuineIntel
TMP=C:\Users\sarde\AppData\Local\Temp
TEMP=C:\Users\sarde\AppData\Local\Temp




Periodic native trim disabled

JNI global refs:
JNI global refs: 21, weak refs: 0

JNI global refs memory usage: 835, weak refs: 833

Process memory usage:
Resident Set Size: 89928K (0% of 16566560K total physical memory with 1420528K free physical memory)

OOME stack traces (most recent first):
Classloader memory used:
Loader bootstrap                                                                       : 7290K
Loader jdk.internal.loader.ClassLoaders$PlatformClassLoader                            : 1905K
Loader jdk.internal.loader.ClassLoaders$AppClassLoader                                 : 16448B

---------------  S Y S T E M  ---------------

OS:
 Windows 11 , 64 bit Build 22621 (10.0.22621.4391)
OS uptime: 0 days 22:52 hours
Hyper-V role detected

CPU: total 12 (initial active 12) (6 cores per cpu, 2 threads per core) family 6 model 158 stepping 10 microcode 0xde, cx8, cmov, fxsr, ht, mmx, 3dnowpref, sse, sse2, sse3, ssse3, sse4.1, sse4.2, popcnt, lzcnt, tsc, tscinvbit, avx, avx2, aes, erms, clmul, bmi1, bmi2, adx, fma, vzeroupper, clflush, clflushopt, hv, rdtscp, f16c
Processor Information for all 12 processors :
  Max Mhz: 2208, Current Mhz: 2208, Mhz Limit: 2208

Memory: 4k page, system-wide physical 16178M (1387M free)
TotalPageFile size 29405M (AvailPageFile size 390M)
current process WorkingSet (physical memory assigned to process): 87M, peak: 88M
current process commit charge ("private bytes"): 370M, peak: 373M

vm_info: OpenJDK 64-Bit Server VM (21.0.5+8-b631.16) for windows-amd64 JRE (21.0.5+8-b631.16), built on 2024-11-02 by "builduser" with MS VC++ 16.10 / 16.11 (VS2019)

END.
